2025-08-14 09:13:29,335 - INFO - Lancement du scraping pour Restaurants à Paris
2025-08-14 09:13:48,860 - INFO - Extrait: SAS TABLE NEUF | Tel:     01 83 89 08 78
2025-08-14 09:13:50,994 - INFO - Extrait: Le 59 | Tel: 01 80 50 00 29
2025-08-14 09:13:53,139 - INFO - Fichier sauvegardé : pagesjaunes_Restaurants_Paris_20250814_0913.csv (2 résultats)
2025-08-14 09:14:18,172 - INFO - Lancement du scraping pour Restaurants à Paris
2025-08-14 09:14:35,613 - INFO - Extrait: Gabriela | Tel: 01 42 80 28 14
2025-08-14 09:14:37,732 - INFO - Extrait: Café du Commerce | Tel: 07 72 17 02 88
2025-08-14 09:14:39,864 - INFO - Extrait: Le Moghol | Tel: 01 40 06 90 36
2025-08-14 09:14:41,981 - INFO - Extrait: SAS TABLE NEUF | Tel:     01 83 89 08 78
2025-08-14 09:14:44,095 - INFO - Extrait: Espace Aurore | Tel: 01 53 94 51 00, 01 53 94 51 02
2025-08-14 09:14:46,207 - INFO - Extrait: Santa Carne | Tel: 01 42 72 03 07
2025-08-14 09:14:48,327 - INFO - Extrait: Café le Marivaux | Tel: 01 42 96 40 66, 09 67 41 40 66
2025-08-14 09:14:50,455 - INFO - Extrait: Truffes Folies | Tel: 01 44 18 05 41, 06 03 26 56 24
2025-08-14 09:14:52,576 - INFO - Extrait: Nanwich Riquet | Tel: 01 44 53 91 70, 07 53 82 93 01
2025-08-14 09:14:54,699 - INFO - Extrait: Le Caveau de l'Isle | Tel: 01 43 25 10 26
2025-08-14 09:14:56,825 - INFO - Fichier sauvegardé : pagesjaunes_Restaurants_Paris_20250814_0914.csv (10 résultats)
2025-08-14 09:36:26,018 - INFO - Recherche: Restaurants à Paris
2025-08-14 09:36:37,555 - INFO - 1/2: Eiffel Croisières - Péniche Ivoire
2025-08-14 09:36:48,781 - WARNING - Échec de fermeture standard: Message: 
Stacktrace:
	GetHandleVerifier [0x0xa2fd33+62915]
	GetHandleVerifier [0x0xa2fd74+62980]
	(...
2025-08-14 09:36:48,787 - WARNING - Échec de ESC, tentative de rechargement
2025-08-14 09:37:09,415 - WARNING - Échec de fermeture standard: Message: 
Stacktrace:
	GetHandleVerifier [0x0xa2fd33+62915]
	GetHandleVerifier [0x0xa2fd74+62980]
	(...
2025-08-14 09:37:09,419 - WARNING - Échec de ESC, tentative de rechargement
2025-08-14 09:37:17,825 - INFO - Données sauvegardées dans google_maps_Restaurants_Paris_20250814_093717.xlsx (1 entrées valides)
2025-08-14 09:44:51,497 - INFO - Recherche: Restaurants à Paris
2025-08-14 09:45:04,063 - INFO - 1/2: Eiffel Croisières - Péniche Ivoire
2025-08-14 09:45:14,271 - ERROR - Erreur sur l'élément 1: Message: 
Stacktrace:
	GetHandleVerifier [0x0xa2fd33+62915]
	GetHandleVerifier [0x0xa2fd74+62980]
	(No symbol) [0x0x863e13]
	(No symbol) [0x0x8ac89e]
	(No symbol) [0x0x8acc3b]
	(No symbol) [0x0x8f4ec2]
	(No symbol) [0x0x8d1424]
	(No symbol) [0x0x8f26ea]
	(No symbol) [0x0x8d11d6]
	(No symbol) [0x0x8a0833]
	(No symbol) [0x0x8a16a4]
	GetHandleVerifier [0x0xc98d23+2590131]
	GetHandleVerifier [0x0xc93f6a+2570234]
	GetHandleVerifier [0x0xa559ea+217722]
	GetHandleVerifier [0x0xa46058+153832]
	GetHandleVerifier [0x0xa4c4bd+179533]
	GetHandleVerifier [0x0xa37738+94152]
	GetHandleVerifier [0x0xa378c2+94546]
	GetHandleVerifier [0x0xa22bda+9322]
	BaseThreadInitThunk [0x0x761ffcc9+25]
	RtlGetAppContainerNamedObjectPath [0x0x770882ae+286]
	RtlGetAppContainerNamedObjectPath [0x0x7708827e+238]

2025-08-14 09:45:16,547 - INFO - Données sauvegardées dans google_maps_Restaurants_Paris_20250814_094516.xlsx (1 entrées valides)
2025-08-14 09:46:34,907 - INFO - Recherche: Restaurants à Paris
2025-08-14 09:46:45,715 - INFO - 1/2: Eiffel Croisières - Péniche Ivoire
2025-08-14 09:46:50,877 - WARNING - Liste non réapparue, saut forcé
2025-08-14 09:46:54,036 - INFO - Données sauvegardées dans google_maps_Restaurants_Paris_20250814_094653.xlsx (1 entrées valides)
2025-08-14 09:58:18,780 - INFO - Recherche: Restaurants à Paris
2025-08-14 09:58:28,886 - INFO - 1/2: Eiffel Croisières - Péniche Ivoire
2025-08-14 09:58:28,973 - INFO - Fiche fermée (desktop).
2025-08-14 09:58:32,472 - INFO - Données sauvegardées dans google_maps_Restaurants_Paris_20250814_095832.xlsx (1 entrées valides)
2025-08-14 09:59:09,086 - INFO - Recherche: Restaurants à Paris
2025-08-14 09:59:18,768 - INFO - 1/2: Eiffel Croisières - Péniche Ivoire
2025-08-14 09:59:18,835 - INFO - Fiche fermée (desktop).
2025-08-14 09:59:23,926 - WARNING - Liste non réapparue, saut forcé
2025-08-14 09:59:27,084 - INFO - Données sauvegardées dans google_maps_Restaurants_Paris_20250814_095926.xlsx (1 entrées valides)
2025-08-14 10:10:29,354 - INFO - Recherche: Restaurants à Paris
2025-08-14 10:11:55,248 - INFO - Recherche: Restaurants à Paris
2025-08-14 10:12:04,542 - INFO - 1/2: Eiffel Croisières - Péniche Ivoire
2025-08-14 10:12:05,580 - WARNING - Impossible de fermer la fiche : Message: element click intercepted: Element <button class="yAuNSb vF7Cdb" jsaction="omnibox.clear; mouseover:omnibox.showTooltip; mouseout:omnibox.hideTooltip; focus:omnibox.showTooltip; blur:omnibox.hideTooltip" aria-label="Fermer">...</button> is not clickable at point (329, 25). Other element would receive the click: <a class="gb_B" aria-label="Applications Google" guidedhelpid="gbawb" href="https://www.google.tn/intl/fr/about/products?tab=lh" aria-expanded="false" role="button" tabindex="0">...</a>
  (Session info: chrome=139.0.7258.68); For documentation on this error, please visit: https://www.selenium.dev/documentation/webdriver/troubleshooting/errors#elementclickinterceptedexception
Stacktrace:
	GetHandleVerifier [0x0xa2fd33+62915]
	GetHandleVerifier [0x0xa2fd74+62980]
	(No symbol) [0x0x863e13]
	(No symbol) [0x0x8b2be0]
	(No symbol) [0x0x8b0f9a]
	(No symbol) [0x0x8aeaf7]
	(No symbol) [0x0x8addb4]
	(No symbol) [0x0x8a2565]
	(No symbol) [0x0x8d13dc]
	(No symbol) [0x0x8a1ff4]
	(No symbol) [0x0x8d1654]
	(No symbol) [0x0x8f26ea]
	(No symbol) [0x0x8d11d6]
	(No symbol) [0x0x8a0833]
	(No symbol) [0x0x8a16a4]
	GetHandleVerifier [0x0xc98d23+2590131]
	GetHandleVerifier [0x0xc93f6a+2570234]
	GetHandleVerifier [0x0xa559ea+217722]
	GetHandleVerifier [0x0xa46058+153832]
	GetHandleVerifier [0x0xa4c4bd+179533]
	GetHandleVerifier [0x0xa37738+94152]
	GetHandleVerifier [0x0xa378c2+94546]
	GetHandleVerifier [0x0xa22bda+9322]
	BaseThreadInitThunk [0x0x761ffcc9+25]
	RtlGetAppContainerNamedObjectPath [0x0x770882ae+286]
	RtlGetAppContainerNamedObjectPath [0x0x7708827e+238]

2025-08-14 10:12:05,582 - WARNING - Saut de l'élément 1 (fermeture impossible)
2025-08-14 10:12:08,910 - INFO - Données sauvegardées dans google_maps_Restaurants_Paris_20250814_101208.xlsx (1 entrées valides)
2025-08-14 10:12:57,473 - INFO - Recherche: Restaurants à Paris
2025-08-14 10:13:06,644 - INFO - 1/2: Eiffel Croisières - Péniche Ivoire
2025-08-14 10:13:06,719 - INFO - Retour à la liste (mobile).
2025-08-14 10:13:10,968 - INFO - 2/2: Vita Ristorante
2025-08-14 10:13:11,012 - INFO - Retour à la liste (mobile).
2025-08-14 10:13:14,648 - INFO - Données sauvegardées dans google_maps_Restaurants_Paris_20250814_101314.xlsx (2 entrées valides)
2025-08-14 10:32:32,910 - INFO - Recherche: Restaurants à Paris
2025-08-14 10:32:45,018 - INFO - 1/2: Eiffel Croisières - Péniche Ivoire
2025-08-14 10:32:45,084 - INFO - Retour à la liste (mobile).
2025-08-14 10:32:49,810 - INFO - 2/2: L'Osteria Paris Chatelet
2025-08-14 10:32:49,856 - INFO - Retour à la liste (mobile).
